  Source.cpp
g:\onedrive\freelancing\fiverr\python\scheduling\scheduling\scheduling\source.cpp(310): warning C4018: '<': signed/unsigned mismatch
g:\onedrive\freelancing\fiverr\python\scheduling\scheduling\scheduling\source.cpp(313): warning C4018: '<': signed/unsigned mismatch
g:\onedrive\freelancing\fiverr\python\scheduling\scheduling\scheduling\source.cpp(383): warning C4018: '<': signed/unsigned mismatch
g:\onedrive\freelancing\fiverr\python\scheduling\scheduling\scheduling\source.cpp(400): warning C4018: '<': signed/unsigned mismatch
g:\onedrive\freelancing\fiverr\python\scheduling\scheduling\scheduling\source.cpp(525): warning C4018: '>=': signed/unsigned mismatch
g:\onedrive\freelancing\fiverr\python\scheduling\scheduling\scheduling\source.cpp(548): warning C4018: '>=': signed/unsigned mismatch
g:\onedrive\freelancing\fiverr\python\scheduling\scheduling\scheduling\source.cpp(572): warning C4018: '<': signed/unsigned mismatch
g:\onedrive\freelancing\fiverr\python\scheduling\scheduling\scheduling\source.cpp(574): warning C4018: '<': signed/unsigned mismatch
g:\onedrive\freelancing\fiverr\python\scheduling\scheduling\scheduling\source.cpp(578): warning C4018: '<': signed/unsigned mismatch
g:\onedrive\freelancing\fiverr\python\scheduling\scheduling\scheduling\source.cpp(609): warning C4018: '<': signed/unsigned mismatch
g:\onedrive\freelancing\fiverr\python\scheduling\scheduling\scheduling\source.cpp(618): warning C4018: '<': signed/unsigned mismatch
g:\onedrive\freelancing\fiverr\python\scheduling\scheduling\scheduling\source.cpp(620): warning C4018: '>=': signed/unsigned mismatch
g:\onedrive\freelancing\fiverr\python\scheduling\scheduling\scheduling\source.cpp(623): warning C4018: '<': signed/unsigned mismatch
g:\onedrive\freelancing\fiverr\python\scheduling\scheduling\scheduling\source.cpp(637): warning C4018: '<': signed/unsigned mismatch
g:\onedrive\freelancing\fiverr\python\scheduling\scheduling\scheduling\source.cpp(641): warning C4018: '>=': signed/unsigned mismatch
g:\onedrive\freelancing\fiverr\python\scheduling\scheduling\scheduling\source.cpp(649): warning C4018: '>=': signed/unsigned mismatch
g:\onedrive\freelancing\fiverr\python\scheduling\scheduling\scheduling\source.cpp(677): warning C4018: '<': signed/unsigned mismatch
g:\onedrive\freelancing\fiverr\python\scheduling\scheduling\scheduling\source.cpp(686): warning C4018: '<': signed/unsigned mismatch
g:\onedrive\freelancing\fiverr\python\scheduling\scheduling\scheduling\source.cpp(688): warning C4018: '>=': signed/unsigned mismatch
g:\onedrive\freelancing\fiverr\python\scheduling\scheduling\scheduling\source.cpp(691): warning C4018: '<': signed/unsigned mismatch
g:\onedrive\freelancing\fiverr\python\scheduling\scheduling\scheduling\source.cpp(703): warning C4018: '<': signed/unsigned mismatch
g:\onedrive\freelancing\fiverr\python\scheduling\scheduling\scheduling\source.cpp(707): warning C4018: '>=': signed/unsigned mismatch
g:\onedrive\freelancing\fiverr\python\scheduling\scheduling\scheduling\source.cpp(715): warning C4018: '>=': signed/unsigned mismatch
g:\onedrive\freelancing\fiverr\python\scheduling\scheduling\scheduling\source.cpp(751): warning C4018: '<': signed/unsigned mismatch
g:\onedrive\freelancing\fiverr\python\scheduling\scheduling\scheduling\source.cpp(754): warning C4018: '<': signed/unsigned mismatch
g:\onedrive\freelancing\fiverr\python\scheduling\scheduling\scheduling\source.cpp(758): warning C4018: '>=': signed/unsigned mismatch
g:\onedrive\freelancing\fiverr\python\scheduling\scheduling\scheduling\source.cpp(766): warning C4018: '>=': signed/unsigned mismatch
g:\onedrive\freelancing\fiverr\python\scheduling\scheduling\scheduling\source.cpp(792): warning C4018: '<': signed/unsigned mismatch
g:\onedrive\freelancing\fiverr\python\scheduling\scheduling\scheduling\source.cpp(795): warning C4018: '<': signed/unsigned mismatch
g:\onedrive\freelancing\fiverr\python\scheduling\scheduling\scheduling\source.cpp(799): warning C4018: '>=': signed/unsigned mismatch
g:\onedrive\freelancing\fiverr\python\scheduling\scheduling\scheduling\source.cpp(807): warning C4018: '>=': signed/unsigned mismatch
g:\onedrive\freelancing\fiverr\python\scheduling\scheduling\scheduling\source.cpp(831): warning C4018: '<': signed/unsigned mismatch
g:\onedrive\freelancing\fiverr\python\scheduling\scheduling\scheduling\source.cpp(834): warning C4018: '<': signed/unsigned mismatch
g:\onedrive\freelancing\fiverr\python\scheduling\scheduling\scheduling\source.cpp(838): warning C4018: '>=': signed/unsigned mismatch
g:\onedrive\freelancing\fiverr\python\scheduling\scheduling\scheduling\source.cpp(846): warning C4018: '>=': signed/unsigned mismatch
g:\onedrive\freelancing\fiverr\python\scheduling\scheduling\scheduling\source.cpp(867): warning C4018: '<': signed/unsigned mismatch
g:\onedrive\freelancing\fiverr\python\scheduling\scheduling\scheduling\source.cpp(870): warning C4018: '<': signed/unsigned mismatch
g:\onedrive\freelancing\fiverr\python\scheduling\scheduling\scheduling\source.cpp(874): warning C4018: '>=': signed/unsigned mismatch
g:\onedrive\freelancing\fiverr\python\scheduling\scheduling\scheduling\source.cpp(882): warning C4018: '>=': signed/unsigned mismatch
  scheduling.vcxproj -> G:\OneDrive\Freelancing\Fiverr\Python\scheduling\scheduling\Debug\scheduling.exe
  scheduling.vcxproj -> G:\OneDrive\Freelancing\Fiverr\Python\scheduling\scheduling\Debug\scheduling.pdb (Partial PDB)
